Сборка начата 21.03.2015 23:50:09.
     1>Проект "D:\Studium\Algorithms_tutor\Lessons\Lessons.vcxproj" в узле 2 (целевые объекты Build).
     1>ClCompile:
         C:\Program Files (x86)\Microsoft Visual Studio 11.0\VC\bin\CL.exe /c /Zi /nologo /W3 /WX- /Od /Oy- /D WIN32 /D _DEBUG /D _CONSOLE /Gm /EHsc /RTC1 /MDd /GS /fp:precise /Zc:wchar_t /Zc:forScope /Fo"Debug\\" /Fd"Debug\vc110.pdb" /Gd /TP /analyze- /errorReport:prompt Lesson1.cpp notes.cpp stdafx.cpp
         stdafx.cpp
         notes.cpp
         Lesson1.cpp
     1>Lesson1.cpp(17): warning C4018: <: несоответствие типов со знаком и без знака
     1>Lesson1.cpp(36): warning C4018: <: несоответствие типов со знаком и без знака
     1>Lesson1.cpp(66): warning C4018: <: несоответствие типов со знаком и без знака
     1>Lesson1.cpp(100): warning C4244: аргумент: преобразование "time_t" в "unsigned int", возможна потеря данных
         Создание кода...
       Link:
         C:\Program Files (x86)\Microsoft Visual Studio 11.0\VC\bin\link.exe /ERRORREPORT:PROMPT /OUT:"D:\Studium\Algorithms_tutor\Lessons\Debug\Lessons.exe" /INCREMENTAL /NOLOGO kernel32.lib user32.lib gdi32.lib winspool.lib comdlg32.lib advapi32.lib shell32.lib ole32.lib oleaut32.lib uuid.lib odbc32.lib odbccp32.lib /MANIFEST /MANIFESTUAC:"level='asInvoker' uiAccess='false'" /manifest:embed /DEBUG /PDB:"D:\Studium\Algorithms_tutor\Lessons\Debug\Lessons.pdb" /SUBSYSTEM:CONSOLE /TLBID:1 /DYNAMICBASE /NXCOMPAT /IMPLIB:"D:\Studium\Algorithms_tutor\Lessons\Debug\Lessons.lib" /MACHINE:X86 Debug\Lesson1.obj
         Debug\notes.obj
         Debug\stdafx.obj
         Lessons.vcxproj -> D:\Studium\Algorithms_tutor\Lessons\Debug\Lessons.exe
     1>Построение проекта "D:\Studium\Algorithms_tutor\Lessons\Lessons.vcxproj" завершено (целевые объекты Build).

Сборка успешно завершена.

Затраченное время: 00:00:03.00
