D:\STUDIUM\ALGORITHMS_TUTOR\ALGOLESSONS\ALGOLESSONS\DEBUG\ALGOLESSONS.PCH
D:\STUDIUM\ALGORITHMS_TUTOR\ALGOLESSONS\ALGOLESSONS\DEBUG\STDAFX.OBJ
D:\STUDIUM\ALGORITHMS_TUTOR\ALGOLESSONS\ALGOLESSONS\DEBUG\VC110.PDB
D:\STUDIUM\ALGORITHMS_TUTOR\ALGOLESSONS\ALGOLESSONS\DEBUG\ALGOLESSONS.OBJ
D:\STUDIUM\ALGORITHMS_TUTOR\ALGOLESSONS\ALGOLESSONS\DEBUG\MY_UTIL.OBJ
D:\STUDIUM\ALGORITHMS_TUTOR\ALGOLESSONS\ALGOLESSONS\DEBUG\NOTES.OBJ
D:\STUDIUM\ALGORITHMS_TUTOR\ALGOLESSONS\ALGOLESSONS\DEBUG\TASK_1_1.OBJ
D:\STUDIUM\ALGORITHMS_TUTOR\ALGOLESSONS\ALGOLESSONS\DEBUG\TASK_1_2.OBJ
D:\STUDIUM\ALGORITHMS_TUTOR\ALGOLESSONS\ALGOLESSONS\DEBUG\TASK_1_3.OBJ
D:\Studium\Algorithms_tutor\AlgoLessons\AlgoLessons\Debug\AlgoLessons.obj
D:\Studium\Algorithms_tutor\AlgoLessons\AlgoLessons\Debug\my_util.obj
D:\Studium\Algorithms_tutor\AlgoLessons\AlgoLessons\Debug\notes.obj
D:\Studium\Algorithms_tutor\AlgoLessons\AlgoLessons\Debug\stdafx.obj
D:\Studium\Algorithms_tutor\AlgoLessons\AlgoLessons\Debug\task_1_1.obj
D:\Studium\Algorithms_tutor\AlgoLessons\AlgoLessons\Debug\task_1_2.obj
D:\Studium\Algorithms_tutor\AlgoLessons\AlgoLessons\Debug\task_1_3.obj
D:\Studium\Algorithms_tutor\AlgoLessons\AlgoLessons\Debug\cl.command.1.tlog
D:\Studium\Algorithms_tutor\AlgoLessons\AlgoLessons\Debug\CL.read.1.tlog
D:\Studium\Algorithms_tutor\AlgoLessons\AlgoLessons\Debug\CL.write.1.tlog
D:\Studium\Algorithms_tutor\AlgoLessons\AlgoLessons\Debug\AlgoLessons.pch
D:\Studium\Algorithms_tutor\AlgoLessons\AlgoLessons\Debug\vc110.idb
D:\Studium\Algorithms_tutor\AlgoLessons\AlgoLessons\Debug\vc110.pdb
